This file contains any messages produced by compilers while
running configure, to aid debugging if configure makes a mistake.

It was created by TheLastRipper configure 1.0.2, which was
generated by GNU Autoconf 2.60.  Invocation command line was

  $ ./configure --enable-maintainer-mode

## --------- ##
## Platform. ##
## --------- ##

hostname = jopsen-laptop
uname -m = i686
uname -r = 2.6.17-11-generic
uname -s = Linux
uname -v = #2 SMP Thu Feb 1 19:52:28 UTC 2007

/usr/bin/uname -p = unknown
/bin/uname -X     = unknown

/bin/arch              = i686
/usr/bin/arch -k       = unknown
/usr/convex/getsysinfo = unknown
/usr/bin/hostinfo      = unknown
/bin/machine           = unknown
/usr/bin/oslevel       = unknown
/bin/universe          = unknown

PATH: /usr/local/sbin
PATH: /usr/local/bin
PATH: /usr/sbin
PATH: /usr/bin
PATH: /sbin
PATH: /bin
PATH: /usr/bin/X11
PATH: /usr/games


## ----------- ##
## Core tests. ##
## ----------- ##

configure:1729: checking for a BSD-compatible install
configure:1785: result: /usr/bin/install -c
configure:1796: checking whether build environment is sane
configure:1839: result: yes
configure:1904: checking for gawk
configure:1934: result: no
configure:1904: checking for mawk
configure:1920: found /usr/bin/mawk
configure:1931: result: mawk
configure:1942: checking whether make sets $(MAKE)
configure:1963: result: yes
configure:2150: checking for pkg-config
configure:2168: found /usr/bin/pkg-config
configure:2181: result: /usr/bin/pkg-config
configure:2208: checking for a BSD-compatible install
configure:2264: result: /usr/bin/install -c
configure:2278: checking for gmcs
configure:2296: found /usr/bin/gmcs
configure:2309: result: /usr/bin/gmcs
configure:2432: checking pkg-config is at least version 0.9.0
configure:2435: result: yes
configure:2446: checking for GTK_SHARP_20
configure:2454: $PKG_CONFIG --exists --print-errors "gtk-sharp-2.0"
configure:2457: $? = 0
configure:2472: $PKG_CONFIG --exists --print-errors "gtk-sharp-2.0"
configure:2475: $? = 0
configure:2551: result: yes
configure:2557: checking for GLIB_SHARP_20
configure:2565: $PKG_CONFIG --exists --print-errors "glib-sharp-2.0"
configure:2568: $? = 0
configure:2583: $PKG_CONFIG --exists --print-errors "glib-sharp-2.0"
configure:2586: $? = 0
configure:2662: result: yes
configure:2668: checking for RSVG_SHARP_20
configure:2676: $PKG_CONFIG --exists --print-errors "rsvg-sharp-2.0"
configure:2679: $? = 0
configure:2694: $PKG_CONFIG --exists --print-errors "rsvg-sharp-2.0"
configure:2697: $? = 0
configure:2773: result: yes
configure:2779: checking for GLADE_SHARP_20
configure:2787: $PKG_CONFIG --exists --print-errors "glade-sharp-2.0"
configure:2790: $? = 0
configure:2805: $PKG_CONFIG --exists --print-errors "glade-sharp-2.0"
configure:2808: $? = 0
configure:2884: result: yes
configure:3116: creating ./config.status

## ---------------------- ##
## Running config.status. ##
## ---------------------- ##

This file was extended by TheLastRipper config.status 1.0.2, which was
generated by GNU Autoconf 2.60.  Invocation command line was

  CONFIG_FILES    = 
  CONFIG_HEADERS  = 
  CONFIG_LINKS    = 
  CONFIG_COMMANDS = 
  $ ./config.status 

on jopsen-laptop

config.status:598: creating ./LibLastRip/TheLastRipper.LibLastRip.pc
config.status:598: creating ./MonoClient/thelastripper
config.status:598: creating ./MonoClient/Makefile
config.status:598: creating ./LibLastRip/Makefile
config.status:598: creating ./Makefile
config.status:598: creating ./MonoClient/TheLastRipper.MonoClient.pc

## ---------------- ##
## Cache variables. ##
## ---------------- ##

ac_cv_env_GLADE_SHARP_20_CFLAGS_set=
ac_cv_env_GLADE_SHARP_20_CFLAGS_value=
ac_cv_env_GLADE_SHARP_20_LIBS_set=
ac_cv_env_GLADE_SHARP_20_LIBS_value=
ac_cv_env_GLIB_SHARP_20_CFLAGS_set=
ac_cv_env_GLIB_SHARP_20_CFLAGS_value=
ac_cv_env_GLIB_SHARP_20_LIBS_set=
ac_cv_env_GLIB_SHARP_20_LIBS_value=
ac_cv_env_GTK_SHARP_20_CFLAGS_set=
ac_cv_env_GTK_SHARP_20_CFLAGS_value=
ac_cv_env_GTK_SHARP_20_LIBS_set=
ac_cv_env_GTK_SHARP_20_LIBS_value=
ac_cv_env_PKG_CONFIG_set=
ac_cv_env_PKG_CONFIG_value=
ac_cv_env_RSVG_SHARP_20_CFLAGS_set=
ac_cv_env_RSVG_SHARP_20_CFLAGS_value=
ac_cv_env_RSVG_SHARP_20_LIBS_set=
ac_cv_env_RSVG_SHARP_20_LIBS_value=
ac_cv_env_build_alias_set=
ac_cv_env_build_alias_value=
ac_cv_env_host_alias_set=
ac_cv_env_host_alias_value=
ac_cv_env_target_alias_set=
ac_cv_env_target_alias_value=
ac_cv_path_GMCS=/usr/bin/gmcs
ac_cv_path_PKG_CONFIG=/usr/bin/pkg-config
ac_cv_path_install='/usr/bin/install -c'
ac_cv_prog_AWK=mawk
ac_cv_prog_make_make_set=yes
pkg_cv_GLADE_SHARP_20_CFLAGS='-I:/usr/lib/pkgconfig/../../lib/pkgconfig/../../share/gapi-2.0/glade-api.xml -I:/usr/lib/pkgconfig/../../lib/pkgconfig/../../share/gapi-2.0/pango-api.xml -I:/usr/lib/pkgconfig/../../lib/pkgconfig/../../share/gapi-2.0/atk-api.xml -I:/usr/lib/pkgconfig/../../lib/pkgconfig/../../share/gapi-2.0/gdk-api.xml -I:/usr/lib/pkgconfig/../../lib/pkgconfig/../../share/gapi-2.0/gtk-api.xml  '
pkg_cv_GLADE_SHARP_20_LIBS='-r:/usr/lib/pkgconfig/../../lib/pkgconfig/../../lib/mono/gtk-sharp-2.0/glade-sharp.dll -r:/usr/lib/pkgconfig/../../lib/pkgconfig/../../lib/mono/gtk-sharp-2.0/pango-sharp.dll -r:/usr/lib/pkgconfig/../../lib/pkgconfig/../../lib/mono/gtk-sharp-2.0/atk-sharp.dll -r:/usr/lib/pkgconfig/../../lib/pkgconfig/../../lib/mono/gtk-sharp-2.0/gdk-sharp.dll -r:/usr/lib/pkgconfig/../../lib/pkgconfig/../../lib/mono/gtk-sharp-2.0/gtk-sharp.dll -r:/usr/lib/pkgconfig/../../lib/pkgconfig/../../lib/mono/gtk-sharp-2.0/glib-sharp.dll  '
pkg_cv_GLIB_SHARP_20_CFLAGS=' '
pkg_cv_GLIB_SHARP_20_LIBS='-r:/usr/lib/pkgconfig/../../lib/pkgconfig/../../lib/mono/gtk-sharp-2.0/glib-sharp.dll  '
pkg_cv_GTK_SHARP_20_CFLAGS='-I:/usr/lib/pkgconfig/../../lib/pkgconfig/../../share/gapi-2.0/pango-api.xml -I:/usr/lib/pkgconfig/../../lib/pkgconfig/../../share/gapi-2.0/atk-api.xml -I:/usr/lib/pkgconfig/../../lib/pkgconfig/../../share/gapi-2.0/gdk-api.xml -I:/usr/lib/pkgconfig/../../lib/pkgconfig/../../share/gapi-2.0/gtk-api.xml  '
pkg_cv_GTK_SHARP_20_LIBS='-r:/usr/lib/pkgconfig/../../lib/pkgconfig/../../lib/mono/gtk-sharp-2.0/pango-sharp.dll -r:/usr/lib/pkgconfig/../../lib/pkgconfig/../../lib/mono/gtk-sharp-2.0/atk-sharp.dll -r:/usr/lib/pkgconfig/../../lib/pkgconfig/../../lib/mono/gtk-sharp-2.0/gdk-sharp.dll -r:/usr/lib/pkgconfig/../../lib/pkgconfig/../../lib/mono/gtk-sharp-2.0/gtk-sharp.dll -r:/usr/lib/pkgconfig/../../lib/pkgconfig/../../lib/mono/gtk-sharp-2.0/glib-sharp.dll  '
pkg_cv_RSVG_SHARP_20_CFLAGS='-I:/usr/lib/pkgconfig/../../lib/pkgconfig/../../share/gapi-2.0/rsvg-api.xml  '
pkg_cv_RSVG_SHARP_20_LIBS='-r:/usr/lib/pkgconfig/../../lib/pkgconfig/../../lib/mono/gtk-sharp-2.0/rsvg-sharp.dll  '

## ----------------- ##
## Output variables. ##
## ----------------- ##

ACLOCAL='${SHELL} /home/jopsen/Development/TheLastRipperProject/LinuxBranch/TheLastRipper/missing --run aclocal-1.9'
AMTAR='${SHELL} /home/jopsen/Development/TheLastRipperProject/LinuxBranch/TheLastRipper/missing --run tar'
AUTOCONF='${SHELL} /home/jopsen/Development/TheLastRipperProject/LinuxBranch/TheLastRipper/missing --run autoconf'
AUTOHEADER='${SHELL} /home/jopsen/Development/TheLastRipperProject/LinuxBranch/TheLastRipper/missing --run autoheader'
AUTOMAKE='${SHELL} /home/jopsen/Development/TheLastRipperProject/LinuxBranch/TheLastRipper/missing --run automake-1.9'
AWK='mawk'
CYGPATH_W='echo'
DEBUG_CONFIG_LIBRARIES=''
DEBUG_CONFIG_LIBS=''
DEFS='-DPACKAGE_NAME=\"TheLastRipper\" -DPACKAGE_TARNAME=\"thelastripper\" -DPACKAGE_VERSION=\"1.0.2\" -DPACKAGE_STRING=\"TheLastRipper\ 1.0.2\" -DPACKAGE_BUGREPORT=\"\" -DPACKAGE=\"thelastripper\" -DVERSION=\"1.0.2\"'
ECHO_C=''
ECHO_N='-n'
ECHO_T=''
ENABLE_DEBUG_FALSE=''
ENABLE_DEBUG_TRUE='#'
ENABLE_RELEASE_FALSE='#'
ENABLE_RELEASE_TRUE=''
GLADE_SHARP_20_CFLAGS='-I:/usr/lib/pkgconfig/../../lib/pkgconfig/../../share/gapi-2.0/glade-api.xml -I:/usr/lib/pkgconfig/../../lib/pkgconfig/../../share/gapi-2.0/pango-api.xml -I:/usr/lib/pkgconfig/../../lib/pkgconfig/../../share/gapi-2.0/atk-api.xml -I:/usr/lib/pkgconfig/../../lib/pkgconfig/../../share/gapi-2.0/gdk-api.xml -I:/usr/lib/pkgconfig/../../lib/pkgconfig/../../share/gapi-2.0/gtk-api.xml  '
GLADE_SHARP_20_LIBS='-r:/usr/lib/pkgconfig/../../lib/pkgconfig/../../lib/mono/gtk-sharp-2.0/glade-sharp.dll -r:/usr/lib/pkgconfig/../../lib/pkgconfig/../../lib/mono/gtk-sharp-2.0/pango-sharp.dll -r:/usr/lib/pkgconfig/../../lib/pkgconfig/../../lib/mono/gtk-sharp-2.0/atk-sharp.dll -r:/usr/lib/pkgconfig/../../lib/pkgconfig/../../lib/mono/gtk-sharp-2.0/gdk-sharp.dll -r:/usr/lib/pkgconfig/../../lib/pkgconfig/../../lib/mono/gtk-sharp-2.0/gtk-sharp.dll -r:/usr/lib/pkgconfig/../../lib/pkgconfig/../../lib/mono/gtk-sharp-2.0/glib-sharp.dll  '
GLIB_SHARP_20_CFLAGS=' '
GLIB_SHARP_20_LIBS='-r:/usr/lib/pkgconfig/../../lib/pkgconfig/../../lib/mono/gtk-sharp-2.0/glib-sharp.dll  '
GMCS='/usr/bin/gmcs'
GTK_SHARP_20_CFLAGS='-I:/usr/lib/pkgconfig/../../lib/pkgconfig/../../share/gapi-2.0/pango-api.xml -I:/usr/lib/pkgconfig/../../lib/pkgconfig/../../share/gapi-2.0/atk-api.xml -I:/usr/lib/pkgconfig/../../lib/pkgconfig/../../share/gapi-2.0/gdk-api.xml -I:/usr/lib/pkgconfig/../../lib/pkgconfig/../../share/gapi-2.0/gtk-api.xml  '
GTK_SHARP_20_LIBS='-r:/usr/lib/pkgconfig/../../lib/pkgconfig/../../lib/mono/gtk-sharp-2.0/pango-sharp.dll -r:/usr/lib/pkgconfig/../../lib/pkgconfig/../../lib/mono/gtk-sharp-2.0/atk-sharp.dll -r:/usr/lib/pkgconfig/../../lib/pkgconfig/../../lib/mono/gtk-sharp-2.0/gdk-sharp.dll -r:/usr/lib/pkgconfig/../../lib/pkgconfig/../../lib/mono/gtk-sharp-2.0/gtk-sharp.dll -r:/usr/lib/pkgconfig/../../lib/pkgconfig/../../lib/mono/gtk-sharp-2.0/glib-sharp.dll  '
INSTALL_DATA='${INSTALL} -m 644'
INSTALL_PROGRAM='${INSTALL}'
INSTALL_SCRIPT='${INSTALL}'
INSTALL_STRIP_PROGRAM='${SHELL} $(install_sh) -c -s'
LIBLASTRIP_DEBUG_LIB=''
LIBLASTRIP_RELEASE_LIB='LibLastRip.dll'
LIBOBJS=''
LIBS=''
LTLIBOBJS=''
MAKEINFO='${SHELL} /home/jopsen/Development/TheLastRipperProject/LinuxBranch/TheLastRipper/missing --run makeinfo'
PACKAGE='thelastripper'
PACKAGE_BUGREPORT=''
PACKAGE_NAME='TheLastRipper'
PACKAGE_STRING='TheLastRipper 1.0.2'
PACKAGE_TARNAME='thelastripper'
PACKAGE_VERSION='1.0.2'
PATH_SEPARATOR=':'
PKG_CONFIG='/usr/bin/pkg-config'
RELEASE_CONFIG_LIBRARIES=' ${pkglibdir}/LibLastRip.dll'
RELEASE_CONFIG_LIBS=' -r:${pkglibdir}/LibLastRip.dll'
RSVG_SHARP_20_CFLAGS='-I:/usr/lib/pkgconfig/../../lib/pkgconfig/../../share/gapi-2.0/rsvg-api.xml  '
RSVG_SHARP_20_LIBS='-r:/usr/lib/pkgconfig/../../lib/pkgconfig/../../lib/mono/gtk-sharp-2.0/rsvg-sharp.dll  '
SET_MAKE=''
SHELL='/bin/bash'
STRIP=''
VERSION='1.0.2'
am__leading_dot='.'
am__tar='${AMTAR} chof - "$$tardir"'
am__untar='${AMTAR} xf -'
bindir='${exec_prefix}/bin'
build_alias=''
datadir='${datarootdir}'
datarootdir='${prefix}/share'
docdir='${datarootdir}/doc/${PACKAGE_TARNAME}'
dvidir='${docdir}'
exec_prefix='${prefix}'
host_alias=''
htmldir='${docdir}'
includedir='${prefix}/include'
infodir='${datarootdir}/info'
install_sh='/home/jopsen/Development/TheLastRipperProject/LinuxBranch/TheLastRipper/install-sh'
libdir='${exec_prefix}/lib'
libexecdir='${exec_prefix}/libexec'
localedir='${datarootdir}/locale'
localstatedir='${prefix}/var'
mandir='${datarootdir}/man'
mkdir_p='mkdir -p --'
oldincludedir='/usr/include'
pdfdir='${docdir}'
prefix='/usr/local'
program_transform_name='s,x,x,'
psdir='${docdir}'
sbindir='${exec_prefix}/sbin'
sharedstatedir='${prefix}/com'
sysconfdir='${prefix}/etc'
target_alias=''

## ----------- ##
## confdefs.h. ##
## ----------- ##

#define PACKAGE_NAME "TheLastRipper"
#define PACKAGE_TARNAME "thelastripper"
#define PACKAGE_VERSION "1.0.2"
#define PACKAGE_STRING "TheLastRipper 1.0.2"
#define PACKAGE_BUGREPORT ""
#define PACKAGE "thelastripper"
#define VERSION "1.0.2"

configure: exit 0
