This file contains any messages produced by compilers while
running configure, to aid debugging if configure makes a mistake.

It was created by trunk configure 0.1, which was
generated by GNU Autoconf 2.61.  Invocation command line was

  $ ./configure --enable-maintainer-mode

## --------- ##
## Platform. ##
## --------- ##

hostname = jopsen-laptop
uname -m = i686
uname -r = 2.6.20-16-generic
uname -s = Linux
uname -v = #2 SMP Thu Jun 7 20:19:32 UTC 2007

/usr/bin/uname -p = unknown
/bin/uname -X     = unknown

/bin/arch              = i686
/usr/bin/arch -k       = unknown
/usr/convex/getsysinfo = unknown
/usr/bin/hostinfo      = unknown
/bin/machine           = unknown
/usr/bin/oslevel       = unknown
/bin/universe          = unknown

PATH: /usr/local/sbin
PATH: /usr/local/bin
PATH: /usr/sbin
PATH: /usr/bin
PATH: /sbin
PATH: /bin
PATH: /usr/games


## ----------- ##
## Core tests. ##
## ----------- ##

configure:1740: checking for a BSD-compatible install
configure:1796: result: /usr/bin/install -c
configure:1807: checking whether build environment is sane
configure:1850: result: yes
configure:1878: checking for a thread-safe mkdir -p
configure:1917: result: /bin/mkdir -p
configure:1930: checking for gawk
configure:1960: result: no
configure:1930: checking for mawk
configure:1946: found /usr/bin/mawk
configure:1957: result: mawk
configure:1968: checking whether make sets $(MAKE)
configure:1989: result: yes
configure:2180: checking for pkg-config
configure:2198: found /usr/bin/pkg-config
configure:2211: result: /usr/bin/pkg-config
configure:2238: checking for a BSD-compatible install
configure:2294: result: /usr/bin/install -c
configure:2308: checking for gmcs
configure:2326: found /usr/bin/gmcs
configure:2339: result: /usr/bin/gmcs
configure:2462: checking pkg-config is at least version 0.9.0
configure:2465: result: yes
configure:2476: checking for RSVG_SHARP_20
configure:2484: $PKG_CONFIG --exists --print-errors "rsvg-sharp-2.0"
configure:2487: $? = 0
configure:2502: $PKG_CONFIG --exists --print-errors "rsvg-sharp-2.0"
configure:2505: $? = 0
configure:2581: result: yes
configure:2587: checking for GLIB_SHARP_20
configure:2595: $PKG_CONFIG --exists --print-errors "glib-sharp-2.0"
configure:2598: $? = 0
configure:2613: $PKG_CONFIG --exists --print-errors "glib-sharp-2.0"
configure:2616: $? = 0
configure:2692: result: yes
configure:2698: checking for GTK_SHARP_20
configure:2706: $PKG_CONFIG --exists --print-errors "gtk-sharp-2.0"
configure:2709: $? = 0
configure:2724: $PKG_CONFIG --exists --print-errors "gtk-sharp-2.0"
configure:2727: $? = 0
configure:2803: result: yes
configure:2809: checking for GLADE_SHARP_20
configure:2817: $PKG_CONFIG --exists --print-errors "glade-sharp-2.0"
configure:2820: $? = 0
configure:2835: $PKG_CONFIG --exists --print-errors "glade-sharp-2.0"
configure:2838: $? = 0
configure:2914: result: yes
configure:3122: creating ./config.status

## ---------------------- ##
## Running config.status. ##
## ---------------------- ##

This file was extended by trunk config.status 0.1, which was
generated by GNU Autoconf 2.61.  Invocation command line was

  CONFIG_FILES    = 
  CONFIG_HEADERS  = 
  CONFIG_LINKS    = 
  CONFIG_COMMANDS = 
  $ ./config.status 

on jopsen-laptop

config.status:606: creating libLastRip/Makefile
config.status:606: creating Makefile
config.status:606: creating MonoClient/thelastripper
config.status:606: creating libLastRip/liblastrip.pc
config.status:606: creating MonoClient/Makefile

## ---------------- ##
## Cache variables. ##
## ---------------- ##

ac_cv_env_GLADE_SHARP_20_CFLAGS_set=
ac_cv_env_GLADE_SHARP_20_CFLAGS_value=
ac_cv_env_GLADE_SHARP_20_LIBS_set=
ac_cv_env_GLADE_SHARP_20_LIBS_value=
ac_cv_env_GLIB_SHARP_20_CFLAGS_set=
ac_cv_env_GLIB_SHARP_20_CFLAGS_value=
ac_cv_env_GLIB_SHARP_20_LIBS_set=
ac_cv_env_GLIB_SHARP_20_LIBS_value=
ac_cv_env_GTK_SHARP_20_CFLAGS_set=
ac_cv_env_GTK_SHARP_20_CFLAGS_value=
ac_cv_env_GTK_SHARP_20_LIBS_set=
ac_cv_env_GTK_SHARP_20_LIBS_value=
ac_cv_env_PKG_CONFIG_set=
ac_cv_env_PKG_CONFIG_value=
ac_cv_env_RSVG_SHARP_20_CFLAGS_set=
ac_cv_env_RSVG_SHARP_20_CFLAGS_value=
ac_cv_env_RSVG_SHARP_20_LIBS_set=
ac_cv_env_RSVG_SHARP_20_LIBS_value=
ac_cv_env_build_alias_set=
ac_cv_env_build_alias_value=
ac_cv_env_host_alias_set=
ac_cv_env_host_alias_value=
ac_cv_env_target_alias_set=
ac_cv_env_target_alias_value=
ac_cv_path_GMCS=/usr/bin/gmcs
ac_cv_path_PKG_CONFIG=/usr/bin/pkg-config
ac_cv_path_install='/usr/bin/install -c'
ac_cv_path_mkdir=/bin/mkdir
ac_cv_prog_AWK=mawk
ac_cv_prog_make_make_set=yes
pkg_cv_GLADE_SHARP_20_CFLAGS='-I:/usr/lib/pkgconfig/../../lib/pkgconfig/../../share/gapi-2.0/glade-api.xml -I:/usr/lib/pkgconfig/../../lib/pkgconfig/../../share/gapi-2.0/pango-api.xml -I:/usr/lib/pkgconfig/../../lib/pkgconfig/../../share/gapi-2.0/atk-api.xml -I:/usr/lib/pkgconfig/../../lib/pkgconfig/../../share/gapi-2.0/gdk-api.xml -I:/usr/lib/pkgconfig/../../lib/pkgconfig/../../share/gapi-2.0/gtk-api.xml  '
pkg_cv_GLADE_SHARP_20_LIBS='-r:/usr/lib/pkgconfig/../../lib/pkgconfig/../../lib/mono/gtk-sharp-2.0/glade-sharp.dll -r:/usr/lib/pkgconfig/../../lib/pkgconfig/../../lib/mono/gtk-sharp-2.0/pango-sharp.dll -r:/usr/lib/pkgconfig/../../lib/pkgconfig/../../lib/mono/gtk-sharp-2.0/atk-sharp.dll -r:/usr/lib/pkgconfig/../../lib/pkgconfig/../../lib/mono/gtk-sharp-2.0/gdk-sharp.dll -r:/usr/lib/pkgconfig/../../lib/pkgconfig/../../lib/mono/gtk-sharp-2.0/gtk-sharp.dll -r:/usr/lib/pkgconfig/../../lib/pkgconfig/../../lib/mono/gtk-sharp-2.0/glib-sharp.dll  '
pkg_cv_GLIB_SHARP_20_CFLAGS=' '
pkg_cv_GLIB_SHARP_20_LIBS='-r:/usr/lib/pkgconfig/../../lib/pkgconfig/../../lib/mono/gtk-sharp-2.0/glib-sharp.dll  '
pkg_cv_GTK_SHARP_20_CFLAGS='-I:/usr/lib/pkgconfig/../../lib/pkgconfig/../../share/gapi-2.0/pango-api.xml -I:/usr/lib/pkgconfig/../../lib/pkgconfig/../../share/gapi-2.0/atk-api.xml -I:/usr/lib/pkgconfig/../../lib/pkgconfig/../../share/gapi-2.0/gdk-api.xml -I:/usr/lib/pkgconfig/../../lib/pkgconfig/../../share/gapi-2.0/gtk-api.xml  '
pkg_cv_GTK_SHARP_20_LIBS='-r:/usr/lib/pkgconfig/../../lib/pkgconfig/../../lib/mono/gtk-sharp-2.0/pango-sharp.dll -r:/usr/lib/pkgconfig/../../lib/pkgconfig/../../lib/mono/gtk-sharp-2.0/atk-sharp.dll -r:/usr/lib/pkgconfig/../../lib/pkgconfig/../../lib/mono/gtk-sharp-2.0/gdk-sharp.dll -r:/usr/lib/pkgconfig/../../lib/pkgconfig/../../lib/mono/gtk-sharp-2.0/gtk-sharp.dll -r:/usr/lib/pkgconfig/../../lib/pkgconfig/../../lib/mono/gtk-sharp-2.0/glib-sharp.dll  '
pkg_cv_RSVG_SHARP_20_CFLAGS='-I:/usr/lib/pkgconfig/../../lib/pkgconfig/../../share/gapi-2.0/rsvg-api.xml  '
pkg_cv_RSVG_SHARP_20_LIBS='-r:/usr/lib/pkgconfig/../../lib/pkgconfig/../../lib/mono/gtk-sharp-2.0/rsvg-sharp.dll  '

## ----------------- ##
## Output variables. ##
## ----------------- ##

ACLOCAL='${SHELL} /home/jopsen/Development/TheLastRipper/trunk/missing --run aclocal-1.10'
AMTAR='${SHELL} /home/jopsen/Development/TheLastRipper/trunk/missing --run tar'
AUTOCONF='${SHELL} /home/jopsen/Development/TheLastRipper/trunk/missing --run autoconf'
AUTOHEADER='${SHELL} /home/jopsen/Development/TheLastRipper/trunk/missing --run autoheader'
AUTOMAKE='${SHELL} /home/jopsen/Development/TheLastRipper/trunk/missing --run automake-1.10'
AWK='mawk'
CYGPATH_W='echo'
DEFS='-DPACKAGE_NAME=\"trunk\" -DPACKAGE_TARNAME=\"trunk\" -DPACKAGE_VERSION=\"0.1\" -DPACKAGE_STRING=\"trunk\ 0.1\" -DPACKAGE_BUGREPORT=\"\" -DPACKAGE=\"trunk\" -DVERSION=\"0.1\"'
ECHO_C=''
ECHO_N='-n'
ECHO_T=''
ENABLE_DEBUG_FALSE=''
ENABLE_DEBUG_TRUE='#'
ENABLE_RELEASE_FALSE='#'
ENABLE_RELEASE_TRUE=''
GLADE_SHARP_20_CFLAGS='-I:/usr/lib/pkgconfig/../../lib/pkgconfig/../../share/gapi-2.0/glade-api.xml -I:/usr/lib/pkgconfig/../../lib/pkgconfig/../../share/gapi-2.0/pango-api.xml -I:/usr/lib/pkgconfig/../../lib/pkgconfig/../../share/gapi-2.0/atk-api.xml -I:/usr/lib/pkgconfig/../../lib/pkgconfig/../../share/gapi-2.0/gdk-api.xml -I:/usr/lib/pkgconfig/../../lib/pkgconfig/../../share/gapi-2.0/gtk-api.xml  '
GLADE_SHARP_20_LIBS='-r:/usr/lib/pkgconfig/../../lib/pkgconfig/../../lib/mono/gtk-sharp-2.0/glade-sharp.dll -r:/usr/lib/pkgconfig/../../lib/pkgconfig/../../lib/mono/gtk-sharp-2.0/pango-sharp.dll -r:/usr/lib/pkgconfig/../../lib/pkgconfig/../../lib/mono/gtk-sharp-2.0/atk-sharp.dll -r:/usr/lib/pkgconfig/../../lib/pkgconfig/../../lib/mono/gtk-sharp-2.0/gdk-sharp.dll -r:/usr/lib/pkgconfig/../../lib/pkgconfig/../../lib/mono/gtk-sharp-2.0/gtk-sharp.dll -r:/usr/lib/pkgconfig/../../lib/pkgconfig/../../lib/mono/gtk-sharp-2.0/glib-sharp.dll  '
GLIB_SHARP_20_CFLAGS=' '
GLIB_SHARP_20_LIBS='-r:/usr/lib/pkgconfig/../../lib/pkgconfig/../../lib/mono/gtk-sharp-2.0/glib-sharp.dll  '
GMCS='/usr/bin/gmcs'
GTK_SHARP_20_CFLAGS='-I:/usr/lib/pkgconfig/../../lib/pkgconfig/../../share/gapi-2.0/pango-api.xml -I:/usr/lib/pkgconfig/../../lib/pkgconfig/../../share/gapi-2.0/atk-api.xml -I:/usr/lib/pkgconfig/../../lib/pkgconfig/../../share/gapi-2.0/gdk-api.xml -I:/usr/lib/pkgconfig/../../lib/pkgconfig/../../share/gapi-2.0/gtk-api.xml  '
GTK_SHARP_20_LIBS='-r:/usr/lib/pkgconfig/../../lib/pkgconfig/../../lib/mono/gtk-sharp-2.0/pango-sharp.dll -r:/usr/lib/pkgconfig/../../lib/pkgconfig/../../lib/mono/gtk-sharp-2.0/atk-sharp.dll -r:/usr/lib/pkgconfig/../../lib/pkgconfig/../../lib/mono/gtk-sharp-2.0/gdk-sharp.dll -r:/usr/lib/pkgconfig/../../lib/pkgconfig/../../lib/mono/gtk-sharp-2.0/gtk-sharp.dll -r:/usr/lib/pkgconfig/../../lib/pkgconfig/../../lib/mono/gtk-sharp-2.0/glib-sharp.dll  '
INSTALL_DATA='${INSTALL} -m 644'
INSTALL_PROGRAM='${INSTALL}'
INSTALL_SCRIPT='${INSTALL}'
INSTALL_STRIP_PROGRAM='$(install_sh) -c -s'
LIBOBJS=''
LIBS=''
LTLIBOBJS=''
MAKEINFO='${SHELL} /home/jopsen/Development/TheLastRipper/trunk/missing --run makeinfo'
PACKAGE='trunk'
PACKAGE_BUGREPORT=''
PACKAGE_NAME='trunk'
PACKAGE_STRING='trunk 0.1'
PACKAGE_TARNAME='trunk'
PACKAGE_VERSION='0.1'
PATH_SEPARATOR=':'
PKG_CONFIG='/usr/bin/pkg-config'
RSVG_SHARP_20_CFLAGS='-I:/usr/lib/pkgconfig/../../lib/pkgconfig/../../share/gapi-2.0/rsvg-api.xml  '
RSVG_SHARP_20_LIBS='-r:/usr/lib/pkgconfig/../../lib/pkgconfig/../../lib/mono/gtk-sharp-2.0/rsvg-sharp.dll  '
SET_MAKE=''
SHELL='/bin/bash'
STRIP=''
VERSION='0.1'
am__isrc=''
am__leading_dot='.'
am__tar='${AMTAR} chof - "$$tardir"'
am__untar='${AMTAR} xf -'
bindir='${exec_prefix}/bin'
build_alias=''
datadir='${datarootdir}'
datarootdir='${prefix}/share'
docdir='${datarootdir}/doc/${PACKAGE_TARNAME}'
dvidir='${docdir}'
exec_prefix='${prefix}'
host_alias=''
htmldir='${docdir}'
includedir='${prefix}/include'
infodir='${datarootdir}/info'
install_sh='$(SHELL) /home/jopsen/Development/TheLastRipper/trunk/install-sh'
libdir='${exec_prefix}/lib'
libexecdir='${exec_prefix}/libexec'
localedir='${datarootdir}/locale'
localstatedir='${prefix}/var'
mandir='${datarootdir}/man'
mkdir_p='/bin/mkdir -p'
oldincludedir='/usr/include'
pdfdir='${docdir}'
prefix='/usr/local'
program_transform_name='s,x,x,'
psdir='${docdir}'
sbindir='${exec_prefix}/sbin'
sharedstatedir='${prefix}/com'
sysconfdir='${prefix}/etc'
target_alias=''

## ----------- ##
## confdefs.h. ##
## ----------- ##

#define PACKAGE_NAME "trunk"
#define PACKAGE_TARNAME "trunk"
#define PACKAGE_VERSION "0.1"
#define PACKAGE_STRING "trunk 0.1"
#define PACKAGE_BUGREPORT ""
#define PACKAGE "trunk"
#define VERSION "0.1"

configure: exit 0
